<?xml version="1.0" encoding="UTF-8"?>
<!-- Generated by org.testng.reporters.JUnitReportReporter -->
<testsuite hostname="Jahid-Momin" failures="0" tests="3" name="com.example.webtests.SampleServiceTest" time="0.000" errors="0" timestamp="2024-10-29T15:58:36 IST" skipped="0">
  <testcase classname="com.example.webtests.SampleServiceTest" name="testAdd" time="0.000"/>
  <testcase classname="com.example.webtests.SampleServiceTest" name="testSubtract" time="0.000"/>
  <testcase classname="com.example.webtests.SampleServiceTest" name="testGreetWithName" time="0.000"/>
</testsuite> <!-- com.example.webtests.SampleServiceTest -->
