<?xml version="1.0" encoding="UTF-8"?>
<!-- Generated by org.testng.reporters.JUnitReportReporter -->
<testsuite hostname="Jahid-Momin" failures="0" tests="1" name="com.example.webtests.WebsiteTest" time="1.834" errors="0" timestamp="2024-10-29T15:58:36 IST" skipped="0">
  <testcase classname="com.example.webtests.WebsiteTest" name="testEnterValidMobileNumberAndOTP" time="1.834"/>
</testsuite> <!-- com.example.webtests.WebsiteTest -->
